<?xml version="1.0" encoding="UTF-8"?>
<testsuite xmlns:xsi="http://www.w3.org/2001/XMLSchema-instance" xsi:noNamespaceSchemaLocation="https://maven.apache.org/surefire/maven-surefire-plugin/xsd/surefire-test-report-3.0.xsd" version="3.0" name="com.example.javagrpcdemo.JavaGrpcDemoApplicationTests" time="2.865" tests="1" errors="0" skipped="0" failures="0">
  <properties>
    <property name="java.specification.version" value="17"/>
    <property name="sun.cpu.isalist" value="amd64"/>
    <property name="sun.jnu.encoding" value="GBK"/>
    <property name="java.class.path" value="D:\java_work\java-grpc-demo\greeting-service\target\test-classes;D:\java_work\java-grpc-demo\greeting-service\target\classes;C:\Users\Administrator\.m2\repository\net\devh\grpc-server-spring-boot-starter\2.15.0.RELEASE\grpc-server-spring-boot-starter-2.15.0.RELEASE.jar;C:\Users\Administrator\.m2\repository\net\devh\grpc-server-spring-boot-autoconfigure\2.15.0.RELEASE\grpc-server-spring-boot-autoconfigure-2.15.0.RELEASE.jar;C:\Users\Administrator\.m2\repository\net\devh\grpc-common-spring-boot\2.15.0.RELEASE\grpc-common-spring-boot-2.15.0.RELEASE.jar;C:\Users\Administrator\.m2\repository\io\grpc\grpc-inprocess\1.58.0\grpc-inprocess-1.58.0.jar;C:\Users\Administrator\.m2\repository\io\grpc\grpc-services\1.58.0\grpc-services-1.58.0.jar;C:\Users\Administrator\.m2\repository\io\grpc\grpc-util\1.58.0\grpc-util-1.58.0.jar;C:\Users\Administrator\.m2\repository\com\google\protobuf\protobuf-java-util\3.24.0\protobuf-java-util-3.24.0.jar;C:\Users\Administrator\.m2\repository\com\google\j2objc\j2objc-annotations\2.8\j2objc-annotations-2.8.jar;C:\Users\Administrator\.m2\repository\com\google\code\gson\gson\2.10.1\gson-2.10.1.jar;C:\Users\Administrator\.m2\repository\com\example\greeting-common\0.0.1-SNAPSHOT\greeting-common-0.0.1-SNAPSHOT.jar;C:\Users\Administrator\.m2\repository\io\grpc\grpc-netty-shaded\1.59.1\grpc-netty-shaded-1.59.1.jar;C:\Users\Administrator\.m2\repository\com\google\guava\guava\32.0.1-android\guava-32.0.1-android.jar;C:\Users\Administrator\.m2\repository\com\google\guava\failureaccess\1.0.1\failureaccess-1.0.1.jar;C:\Users\Administrator\.m2\repository\com\google\guava\listenablefuture\9999.0-empty-to-avoid-conflict-with-guava\listenablefuture-9999.0-empty-to-avoid-conflict-with-guava.jar;C:\Users\Administrator\.m2\repository\org\checkerframework\checker-qual\3.33.0\checker-qual-3.33.0.jar;C:\Users\Administrator\.m2\repository\com\google\errorprone\error_prone_annotations\2.20.0\error_prone_annotations-2.20.0.jar;C:\Users\Administrator\.m2\repository\io\perfmark\perfmark-api\0.26.0\perfmark-api-0.26.0.jar;C:\Users\Administrator\.m2\repository\io\grpc\grpc-core\1.59.1\grpc-core-1.59.1.jar;C:\Users\Administrator\.m2\repository\com\google\android\annotations\4.1.1.4\annotations-4.1.1.4.jar;C:\Users\Administrator\.m2\repository\org\codehaus\mojo\animal-sniffer-annotations\1.23\animal-sniffer-annotations-1.23.jar;C:\Users\Administrator\.m2\repository\io\grpc\grpc-context\1.59.1\grpc-context-1.59.1.jar;C:\Users\Administrator\.m2\repository\io\grpc\grpc-protobuf-lite\1.59.1\grpc-protobuf-lite-1.59.1.jar;C:\Users\Administrator\.m2\repository\com\google\protobuf\protobuf-javalite\3.24.0\protobuf-javalite-3.24.0.jar;C:\Users\Administrator\.m2\repository\com\google\code\findbugs\jsr305\3.0.2\jsr305-3.0.2.jar;C:\Users\Administrator\.m2\repository\io\grpc\grpc-stub\1.59.1\grpc-stub-1.59.1.jar;C:\Users\Administrator\.m2\repository\io\grpc\grpc-protobuf\1.59.1\grpc-protobuf-1.59.1.jar;C:\Users\Administrator\.m2\repository\com\google\protobuf\protobuf-java\3.24.0\protobuf-java-3.24.0.jar;C:\Users\Administrator\.m2\repository\com\google\api\grpc\proto-google-common-protos\2.22.0\proto-google-common-protos-2.22.0.jar;C:\Users\Administrator\.m2\repository\io\grpc\grpc-api\1.59.1\grpc-api-1.59.1.jar;C:\Users\Administrator\.m2\repository\jakarta\annotation\jakarta.annotation-api\2.1.1\jakarta.annotation-api-2.1.1.jar;C:\Users\Administrator\.m2\repository\org\springframework\boot\spring-boot-starter\3.2.0\spring-boot-starter-3.2.0.jar;C:\Users\Administrator\.m2\repository\org\springframework\boot\spring-boot\3.2.0\spring-boot-3.2.0.jar;C:\Users\Administrator\.m2\repository\org\springframework\spring-context\6.1.1\spring-context-6.1.1.jar;C:\Users\Administrator\.m2\repository\org\springframework\spring-aop\6.1.1\spring-aop-6.1.1.jar;C:\Users\Administrator\.m2\repository\org\springframework\spring-beans\6.1.1\spring-beans-6.1.1.jar;C:\Users\Administrator\.m2\repository\org\springframework\spring-expression\6.1.1\spring-expression-6.1.1.jar;C:\Users\Administrator\.m2\repository\io\micrometer\micrometer-observation\1.12.0\micrometer-observation-1.12.0.jar;C:\Users\Administrator\.m2\repository\io\micrometer\micrometer-commons\1.12.0\micrometer-commons-1.12.0.jar;C:\Users\Administrator\.m2\repository\org\springframework\boot\spring-boot-autoconfigure\3.2.0\spring-boot-autoconfigure-3.2.0.jar;C:\Users\Administrator\.m2\repository\org\springframework\boot\spring-boot-starter-logging\3.2.0\spring-boot-starter-logging-3.2.0.jar;C:\Users\Administrator\.m2\repository\ch\qos\logback\logback-classic\1.4.11\logback-classic-1.4.11.jar;C:\Users\Administrator\.m2\repository\ch\qos\logback\logback-core\1.4.11\logback-core-1.4.11.jar;C:\Users\Administrator\.m2\repository\org\apache\logging\log4j\log4j-to-slf4j\2.21.1\log4j-to-slf4j-2.21.1.jar;C:\Users\Administrator\.m2\repository\org\apache\logging\log4j\log4j-api\2.21.1\log4j-api-2.21.1.jar;C:\Users\Administrator\.m2\repository\org\slf4j\jul-to-slf4j\2.0.9\jul-to-slf4j-2.0.9.jar;C:\Users\Administrator\.m2\repository\org\springframework\spring-core\6.1.1\spring-core-6.1.1.jar;C:\Users\Administrator\.m2\repository\org\springframework\spring-jcl\6.1.1\spring-jcl-6.1.1.jar;C:\Users\Administrator\.m2\repository\org\yaml\snakeyaml\2.2\snakeyaml-2.2.jar;C:\Users\Administrator\.m2\repository\org\springframework\boot\spring-boot-starter-test\3.2.0\spring-boot-starter-test-3.2.0.jar;C:\Users\Administrator\.m2\repository\org\springframework\boot\spring-boot-test\3.2.0\spring-boot-test-3.2.0.jar;C:\Users\Administrator\.m2\repository\org\springframework\boot\spring-boot-test-autoconfigure\3.2.0\spring-boot-test-autoconfigure-3.2.0.jar;C:\Users\Administrator\.m2\repository\com\jayway\jsonpath\json-path\2.8.0\json-path-2.8.0.jar;C:\Users\Administrator\.m2\repository\org\slf4j\slf4j-api\2.0.9\slf4j-api-2.0.9.jar;C:\Users\Administrator\.m2\repository\jakarta\xml\bind\jakarta.xml.bind-api\4.0.1\jakarta.xml.bind-api-4.0.1.jar;C:\Users\Administrator\.m2\repository\jakarta\activation\jakarta.activation-api\2.1.2\jakarta.activation-api-2.1.2.jar;C:\Users\Administrator\.m2\repository\net\minidev\json-smart\2.5.0\json-smart-2.5.0.jar;C:\Users\Administrator\.m2\repository\net\minidev\accessors-smart\2.5.0\accessors-smart-2.5.0.jar;C:\Users\Administrator\.m2\repository\org\ow2\asm\asm\9.3\asm-9.3.jar;C:\Users\Administrator\.m2\repository\org\assertj\assertj-core\3.24.2\assertj-core-3.24.2.jar;C:\Users\Administrator\.m2\repository\net\bytebuddy\byte-buddy\1.14.10\byte-buddy-1.14.10.jar;C:\Users\Administrator\.m2\repository\org\awaitility\awaitility\4.2.0\awaitility-4.2.0.jar;C:\Users\Administrator\.m2\repository\org\hamcrest\hamcrest\2.2\hamcrest-2.2.jar;C:\Users\Administrator\.m2\repository\org\junit\jupiter\junit-jupiter\5.10.1\junit-jupiter-5.10.1.jar;C:\Users\Administrator\.m2\repository\org\junit\jupiter\junit-jupiter-api\5.10.1\junit-jupiter-api-5.10.1.jar;C:\Users\Administrator\.m2\repository\org\opentest4j\opentest4j\1.3.0\opentest4j-1.3.0.jar;C:\Users\Administrator\.m2\repository\org\junit\platform\junit-platform-commons\1.10.1\junit-platform-commons-1.10.1.jar;C:\Users\Administrator\.m2\repository\org\apiguardian\apiguardian-api\1.1.2\apiguardian-api-1.1.2.jar;C:\Users\Administrator\.m2\repository\org\junit\jupiter\junit-jupiter-params\5.10.1\junit-jupiter-params-5.10.1.jar;C:\Users\Administrator\.m2\repository\org\junit\jupiter\junit-jupiter-engine\5.10.1\junit-jupiter-engine-5.10.1.jar;C:\Users\Administrator\.m2\repository\org\junit\platform\junit-platform-engine\1.10.1\junit-platform-engine-1.10.1.jar;C:\Users\Administrator\.m2\repository\org\mockito\mockito-core\5.7.0\mockito-core-5.7.0.jar;C:\Users\Administrator\.m2\repository\net\bytebuddy\byte-buddy-agent\1.14.10\byte-buddy-agent-1.14.10.jar;C:\Users\Administrator\.m2\repository\org\objenesis\objenesis\3.3\objenesis-3.3.jar;C:\Users\Administrator\.m2\repository\org\mockito\mockito-junit-jupiter\5.7.0\mockito-junit-jupiter-5.7.0.jar;C:\Users\Administrator\.m2\repository\org\skyscreamer\jsonassert\1.5.1\jsonassert-1.5.1.jar;C:\Users\Administrator\.m2\repository\com\vaadin\external\google\android-json\0.0.20131108.vaadin1\android-json-0.0.20131108.vaadin1.jar;C:\Users\Administrator\.m2\repository\org\springframework\spring-test\6.1.1\spring-test-6.1.1.jar;C:\Users\Administrator\.m2\repository\org\xmlunit\xmlunit-core\2.9.1\xmlunit-core-2.9.1.jar;"/>
    <property name="java.vm.vendor" value="Oracle Corporation"/>
    <property name="sun.arch.data.model" value="64"/>
    <property name="user.variant" value=""/>
    <property name="java.vendor.url" value="https://java.oracle.com/"/>
    <property name="user.timezone" value="Asia/Shanghai"/>
    <property name="os.name" value="Windows 10"/>
    <property name="java.vm.specification.version" value="17"/>
    <property name="sun.java.launcher" value="SUN_STANDARD"/>
    <property name="user.country" value="CN"/>
    <property name="sun.boot.library.path" value="C:\Program Files\Java\jdk-17\bin"/>
    <property name="sun.java.command" value="C:\Users\Administrator\AppData\Local\Temp\surefire3240703711624759605\surefirebooter-20240228140644521_3.jar C:\Users\Administrator\AppData\Local\Temp\surefire3240703711624759605 2024-02-28T14-06-39_953-jvmRun1 surefire-20240228140644521_1tmp surefire_0-20240228140644521_2tmp"/>
    <property name="jdk.debug" value="release"/>
    <property name="surefire.test.class.path" value="D:\java_work\java-grpc-demo\greeting-service\target\test-classes;D:\java_work\java-grpc-demo\greeting-service\target\classes;C:\Users\Administrator\.m2\repository\net\devh\grpc-server-spring-boot-starter\2.15.0.RELEASE\grpc-server-spring-boot-starter-2.15.0.RELEASE.jar;C:\Users\Administrator\.m2\repository\net\devh\grpc-server-spring-boot-autoconfigure\2.15.0.RELEASE\grpc-server-spring-boot-autoconfigure-2.15.0.RELEASE.jar;C:\Users\Administrator\.m2\repository\net\devh\grpc-common-spring-boot\2.15.0.RELEASE\grpc-common-spring-boot-2.15.0.RELEASE.jar;C:\Users\Administrator\.m2\repository\io\grpc\grpc-inprocess\1.58.0\grpc-inprocess-1.58.0.jar;C:\Users\Administrator\.m2\repository\io\grpc\grpc-services\1.58.0\grpc-services-1.58.0.jar;C:\Users\Administrator\.m2\repository\io\grpc\grpc-util\1.58.0\grpc-util-1.58.0.jar;C:\Users\Administrator\.m2\repository\com\google\protobuf\protobuf-java-util\3.24.0\protobuf-java-util-3.24.0.jar;C:\Users\Administrator\.m2\repository\com\google\j2objc\j2objc-annotations\2.8\j2objc-annotations-2.8.jar;C:\Users\Administrator\.m2\repository\com\google\code\gson\gson\2.10.1\gson-2.10.1.jar;C:\Users\Administrator\.m2\repository\com\example\greeting-common\0.0.1-SNAPSHOT\greeting-common-0.0.1-SNAPSHOT.jar;C:\Users\Administrator\.m2\repository\io\grpc\grpc-netty-shaded\1.59.1\grpc-netty-shaded-1.59.1.jar;C:\Users\Administrator\.m2\repository\com\google\guava\guava\32.0.1-android\guava-32.0.1-android.jar;C:\Users\Administrator\.m2\repository\com\google\guava\failureaccess\1.0.1\failureaccess-1.0.1.jar;C:\Users\Administrator\.m2\repository\com\google\guava\listenablefuture\9999.0-empty-to-avoid-conflict-with-guava\listenablefuture-9999.0-empty-to-avoid-conflict-with-guava.jar;C:\Users\Administrator\.m2\repository\org\checkerframework\checker-qual\3.33.0\checker-qual-3.33.0.jar;C:\Users\Administrator\.m2\repository\com\google\errorprone\error_prone_annotations\2.20.0\error_prone_annotations-2.20.0.jar;C:\Users\Administrator\.m2\repository\io\perfmark\perfmark-api\0.26.0\perfmark-api-0.26.0.jar;C:\Users\Administrator\.m2\repository\io\grpc\grpc-core\1.59.1\grpc-core-1.59.1.jar;C:\Users\Administrator\.m2\repository\com\google\android\annotations\4.1.1.4\annotations-4.1.1.4.jar;C:\Users\Administrator\.m2\repository\org\codehaus\mojo\animal-sniffer-annotations\1.23\animal-sniffer-annotations-1.23.jar;C:\Users\Administrator\.m2\repository\io\grpc\grpc-context\1.59.1\grpc-context-1.59.1.jar;C:\Users\Administrator\.m2\repository\io\grpc\grpc-protobuf-lite\1.59.1\grpc-protobuf-lite-1.59.1.jar;C:\Users\Administrator\.m2\repository\com\google\protobuf\protobuf-javalite\3.24.0\protobuf-javalite-3.24.0.jar;C:\Users\Administrator\.m2\repository\com\google\code\findbugs\jsr305\3.0.2\jsr305-3.0.2.jar;C:\Users\Administrator\.m2\repository\io\grpc\grpc-stub\1.59.1\grpc-stub-1.59.1.jar;C:\Users\Administrator\.m2\repository\io\grpc\grpc-protobuf\1.59.1\grpc-protobuf-1.59.1.jar;C:\Users\Administrator\.m2\repository\com\google\protobuf\protobuf-java\3.24.0\protobuf-java-3.24.0.jar;C:\Users\Administrator\.m2\repository\com\google\api\grpc\proto-google-common-protos\2.22.0\proto-google-common-protos-2.22.0.jar;C:\Users\Administrator\.m2\repository\io\grpc\grpc-api\1.59.1\grpc-api-1.59.1.jar;C:\Users\Administrator\.m2\repository\jakarta\annotation\jakarta.annotation-api\2.1.1\jakarta.annotation-api-2.1.1.jar;C:\Users\Administrator\.m2\repository\org\springframework\boot\spring-boot-starter\3.2.0\spring-boot-starter-3.2.0.jar;C:\Users\Administrator\.m2\repository\org\springframework\boot\spring-boot\3.2.0\spring-boot-3.2.0.jar;C:\Users\Administrator\.m2\repository\org\springframework\spring-context\6.1.1\spring-context-6.1.1.jar;C:\Users\Administrator\.m2\repository\org\springframework\spring-aop\6.1.1\spring-aop-6.1.1.jar;C:\Users\Administrator\.m2\repository\org\springframework\spring-beans\6.1.1\spring-beans-6.1.1.jar;C:\Users\Administrator\.m2\repository\org\springframework\spring-expression\6.1.1\spring-expression-6.1.1.jar;C:\Users\Administrator\.m2\repository\io\micrometer\micrometer-observation\1.12.0\micrometer-observation-1.12.0.jar;C:\Users\Administrator\.m2\repository\io\micrometer\micrometer-commons\1.12.0\micrometer-commons-1.12.0.jar;C:\Users\Administrator\.m2\repository\org\springframework\boot\spring-boot-autoconfigure\3.2.0\spring-boot-autoconfigure-3.2.0.jar;C:\Users\Administrator\.m2\repository\org\springframework\boot\spring-boot-starter-logging\3.2.0\spring-boot-starter-logging-3.2.0.jar;C:\Users\Administrator\.m2\repository\ch\qos\logback\logback-classic\1.4.11\logback-classic-1.4.11.jar;C:\Users\Administrator\.m2\repository\ch\qos\logback\logback-core\1.4.11\logback-core-1.4.11.jar;C:\Users\Administrator\.m2\repository\org\apache\logging\log4j\log4j-to-slf4j\2.21.1\log4j-to-slf4j-2.21.1.jar;C:\Users\Administrator\.m2\repository\org\apache\logging\log4j\log4j-api\2.21.1\log4j-api-2.21.1.jar;C:\Users\Administrator\.m2\repository\org\slf4j\jul-to-slf4j\2.0.9\jul-to-slf4j-2.0.9.jar;C:\Users\Administrator\.m2\repository\org\springframework\spring-core\6.1.1\spring-core-6.1.1.jar;C:\Users\Administrator\.m2\repository\org\springframework\spring-jcl\6.1.1\spring-jcl-6.1.1.jar;C:\Users\Administrator\.m2\repository\org\yaml\snakeyaml\2.2\snakeyaml-2.2.jar;C:\Users\Administrator\.m2\repository\org\springframework\boot\spring-boot-starter-test\3.2.0\spring-boot-starter-test-3.2.0.jar;C:\Users\Administrator\.m2\repository\org\springframework\boot\spring-boot-test\3.2.0\spring-boot-test-3.2.0.jar;C:\Users\Administrator\.m2\repository\org\springframework\boot\spring-boot-test-autoconfigure\3.2.0\spring-boot-test-autoconfigure-3.2.0.jar;C:\Users\Administrator\.m2\repository\com\jayway\jsonpath\json-path\2.8.0\json-path-2.8.0.jar;C:\Users\Administrator\.m2\repository\org\slf4j\slf4j-api\2.0.9\slf4j-api-2.0.9.jar;C:\Users\Administrator\.m2\repository\jakarta\xml\bind\jakarta.xml.bind-api\4.0.1\jakarta.xml.bind-api-4.0.1.jar;C:\Users\Administrator\.m2\repository\jakarta\activation\jakarta.activation-api\2.1.2\jakarta.activation-api-2.1.2.jar;C:\Users\Administrator\.m2\repository\net\minidev\json-smart\2.5.0\json-smart-2.5.0.jar;C:\Users\Administrator\.m2\repository\net\minidev\accessors-smart\2.5.0\accessors-smart-2.5.0.jar;C:\Users\Administrator\.m2\repository\org\ow2\asm\asm\9.3\asm-9.3.jar;C:\Users\Administrator\.m2\repository\org\assertj\assertj-core\3.24.2\assertj-core-3.24.2.jar;C:\Users\Administrator\.m2\repository\net\bytebuddy\byte-buddy\1.14.10\byte-buddy-1.14.10.jar;C:\Users\Administrator\.m2\repository\org\awaitility\awaitility\4.2.0\awaitility-4.2.0.jar;C:\Users\Administrator\.m2\repository\org\hamcrest\hamcrest\2.2\hamcrest-2.2.jar;C:\Users\Administrator\.m2\repository\org\junit\jupiter\junit-jupiter\5.10.1\junit-jupiter-5.10.1.jar;C:\Users\Administrator\.m2\repository\org\junit\jupiter\junit-jupiter-api\5.10.1\junit-jupiter-api-5.10.1.jar;C:\Users\Administrator\.m2\repository\org\opentest4j\opentest4j\1.3.0\opentest4j-1.3.0.jar;C:\Users\Administrator\.m2\repository\org\junit\platform\junit-platform-commons\1.10.1\junit-platform-commons-1.10.1.jar;C:\Users\Administrator\.m2\repository\org\apiguardian\apiguardian-api\1.1.2\apiguardian-api-1.1.2.jar;C:\Users\Administrator\.m2\repository\org\junit\jupiter\junit-jupiter-params\5.10.1\junit-jupiter-params-5.10.1.jar;C:\Users\Administrator\.m2\repository\org\junit\jupiter\junit-jupiter-engine\5.10.1\junit-jupiter-engine-5.10.1.jar;C:\Users\Administrator\.m2\repository\org\junit\platform\junit-platform-engine\1.10.1\junit-platform-engine-1.10.1.jar;C:\Users\Administrator\.m2\repository\org\mockito\mockito-core\5.7.0\mockito-core-5.7.0.jar;C:\Users\Administrator\.m2\repository\net\bytebuddy\byte-buddy-agent\1.14.10\byte-buddy-agent-1.14.10.jar;C:\Users\Administrator\.m2\repository\org\objenesis\objenesis\3.3\objenesis-3.3.jar;C:\Users\Administrator\.m2\repository\org\mockito\mockito-junit-jupiter\5.7.0\mockito-junit-jupiter-5.7.0.jar;C:\Users\Administrator\.m2\repository\org\skyscreamer\jsonassert\1.5.1\jsonassert-1.5.1.jar;C:\Users\Administrator\.m2\repository\com\vaadin\external\google\android-json\0.0.20131108.vaadin1\android-json-0.0.20131108.vaadin1.jar;C:\Users\Administrator\.m2\repository\org\springframework\spring-test\6.1.1\spring-test-6.1.1.jar;C:\Users\Administrator\.m2\repository\org\xmlunit\xmlunit-core\2.9.1\xmlunit-core-2.9.1.jar;"/>
    <property name="sun.cpu.endian" value="little"/>
    <property name="user.home" value="C:\Users\Administrator"/>
    <property name="user.language" value="zh"/>
    <property name="java.specification.vendor" value="Oracle Corporation"/>
    <property name="java.version.date" value="2023-07-18"/>
    <property name="java.home" value="C:\Program Files\Java\jdk-17"/>
    <property name="file.separator" value="\"/>
    <property name="basedir" value="D:\java_work\java-grpc-demo\greeting-service"/>
    <property name="java.vm.compressedOopsMode" value="Zero based"/>
    <property name="line.separator" value="&#10;"/>
    <property name="java.vm.specification.vendor" value="Oracle Corporation"/>
    <property name="java.specification.name" value="Java Platform API Specification"/>
    <property name="FILE_LOG_CHARSET" value="GBK"/>
    <property name="java.awt.headless" value="true"/>
    <property name="surefire.real.class.path" value="C:\Users\Administrator\AppData\Local\Temp\surefire3240703711624759605\surefirebooter-20240228140644521_3.jar"/>
    <property name="user.script" value=""/>
    <property name="sun.management.compiler" value="HotSpot 64-Bit Tiered Compilers"/>
    <property name="java.runtime.version" value="17.0.8+9-LTS-211"/>
    <property name="user.name" value="Administrator"/>
    <property name="path.separator" value=";"/>
    <property name="os.version" value="10.0"/>
    <property name="java.runtime.name" value="Java(TM) SE Runtime Environment"/>
    <property name="file.encoding" value="GBK"/>
    <property name="java.vm.name" value="Java HotSpot(TM) 64-Bit Server VM"/>
    <property name="localRepository" value="C:\Users\Administrator\.m2\repository"/>
    <property name="java.vendor.url.bug" value="https://bugreport.java.com/bugreport/"/>
    <property name="java.io.tmpdir" value="C:\Users\ADMINI~1\AppData\Local\Temp\"/>
    <property name="idea.version" value="2023.2.2"/>
    <property name="java.version" value="17.0.8"/>
    <property name="user.dir" value="D:\java_work\java-grpc-demo\greeting-service"/>
    <property name="os.arch" value="amd64"/>
    <property name="java.vm.specification.name" value="Java Virtual Machine Specification"/>
    <property name="PID" value="4408"/>
    <property name="sun.os.patch.level" value=""/>
    <property name="CONSOLE_LOG_CHARSET" value="GBK"/>
    <property name="native.encoding" value="GBK"/>
    <property name="java.library.path" value="C:\Program Files\Java\jdk-17\bin;C:\Windows\Sun\Java\bin;C:\Windows\system32;C:\Windows;\\wsl.localhost\Ubuntu\usr\local\bin\pdfcpu_0.6.0_Linux_x86_64;F:\pdfcpu_0.6.0_Windows_x86_64;F:\upx-4.2.1-win64;D:\dev\flutter\bin;C:\tools\dart-sdk;D:\TDM-GCC-64\bin;C:\Program Files\Common Files\Oracle\Java\javapath;C:\Windows\system32;C:\Windows;C:\Windows\System32\Wbem;C:\Windows\System32\WindowsPowerShell\v1.0\;C:\Windows\System32\OpenSSH\;C:\Program Files\Go\bin;C:\Program Files\Git\cmd;D:\go_work\go;\bin;C:\Program Files\dotnet\;D:\Net_Program\Net_NetCat\netcat-win32-1.12;C:\msys64\usr\bin;C:\Program Files\Microsoft SQL Server\150\Tools\Binn\;C:\Program Files\Microsoft SQL Server\Client SDK\ODBC\170\Tools\Binn\;C:\Program Files (x86)\Windows Kits\10\Windows Performance Toolkit\;C:\Program Files\Docker\Docker\resources\bin;D:\protoc-25.0-rc-2-win64\bin;C:\Program Files\Java\jdk-21\bin;D:\grpcurl;C:\ProgramData\chocolatey\bin;D:\Program Files\nodejs\;C:\Program Files\Go\bin;C:\Users\Administrator\.cargo\bin;C:\Users\Administrator\AppData\Local\Microsoft\WindowsApps;C:\Program Files\JetBrains\GoLand 2023.1.3\bin;;C:\Program Files\JetBrains\IntelliJ IDEA 2023.2.2\bin;;C:\Users\Administrator\.dotnet\tools;C:\Program Files\JetBrains\PyCharm 2023.2.5\bin;;C:\tools\dart-sdk\bin;C:\Users\Administrator\AppData\Local\Pub\Cache\bin;D:\dev\flutter\bin;C:\Users\Administrator\AppData\Roaming\npm;D:\Users\Administrator\AppData\Local\Programs\Microsoft VS Code\bin;C:\Users\Administrator\go\bin;."/>
    <property name="java.vm.info" value="mixed mode, sharing"/>
    <property name="java.vendor" value="Oracle Corporation"/>
    <property name="java.vm.version" value="17.0.8+9-LTS-211"/>
    <property name="sun.io.unicode.encoding" value="UnicodeLittle"/>
    <property name="java.class.version" value="61.0"/>
  </properties>
  <testcase name="contextLoads" classname="com.example.javagrpcdemo.JavaGrpcDemoApplicationTests" time="0.924">
    <system-out><![CDATA[14:06:45.365 [main] INFO org.springframework.test.context.support.AnnotationConfigContextLoaderUtils -- Could not detect default configuration classes for test class [com.example.javagrpcdemo.JavaGrpcDemoApplicationTests]: JavaGrpcDemoApplicationTests does not declare any static, non-private, non-final, nested classes annotated with @Configuration.
14:06:45.490 [main] INFO org.springframework.boot.test.context.SpringBootTestContextBootstrapper -- Found @SpringBootConfiguration com.example.javagrpcdemo.JavaGrpcDemoApplication for test class com.example.javagrpcdemo.JavaGrpcDemoApplicationTests

  .   ____          _            __ _ _
 /\\ / ___'_ __ _ _(_)_ __  __ _ \ \ \ \
( ( )\___ | '_ | '_| | '_ \/ _` | \ \ \ \
 \\/  ___)| |_)| | | | | || (_| |  ) ) ) )
  '  |____| .__|_| |_|_| |_\__, | / / / /
 =========|_|==============|___/=/_/_/_/
 :: Spring Boot ::                (v3.2.0)

2024-02-28T14:06:46.061+08:00  INFO 4408 --- [           main] c.e.j.JavaGrpcDemoApplicationTests       : Starting JavaGrpcDemoApplicationTests using Java 17.0.8 with PID 4408 (started by Administrator in D:\java_work\java-grpc-demo\greeting-service)
2024-02-28T14:06:46.062+08:00  INFO 4408 --- [           main] c.e.j.JavaGrpcDemoApplicationTests       : No active profile set, falling back to 1 default profile: "default"
2024-02-28T14:06:46.603+08:00  INFO 4408 --- [           main] g.s.a.GrpcServerFactoryAutoConfiguration : Detected grpc-netty-shaded: Creating ShadedNettyGrpcServerFactory
2024-02-28T14:06:46.983+08:00  INFO 4408 --- [           main] n.d.b.g.s.s.AbstractGrpcServerFactory    : Registered gRPC service: com.example.GreetingService, bean: greetingServiceImpl, class: com.example.javagrpcdemo.GreetingServiceImpl
2024-02-28T14:06:46.983+08:00  INFO 4408 --- [           main] n.d.b.g.s.s.AbstractGrpcServerFactory    : Registered gRPC service: grpc.health.v1.Health, bean: grpcHealthService, class: io.grpc.protobuf.services.HealthServiceImpl
2024-02-28T14:06:46.983+08:00  INFO 4408 --- [           main] n.d.b.g.s.s.AbstractGrpcServerFactory    : Registered gRPC service: grpc.reflection.v1alpha.ServerReflection, bean: protoReflectionService, class: io.grpc.protobuf.services.ProtoReflectionService
2024-02-28T14:06:47.117+08:00  INFO 4408 --- [           main] n.d.b.g.s.s.GrpcServerLifecycle          : gRPC Server started, listening on address: *, port: 8081
2024-02-28T14:06:47.130+08:00  INFO 4408 --- [           main] c.e.j.JavaGrpcDemoApplicationTests       : Started JavaGrpcDemoApplicationTests in 1.44 seconds (process running for 2.5)
]]></system-out>
  </testcase>
</testsuite>